<?xml version="1.0" encoding="UTF-8"?>
<!-- Generated by org.testng.reporters.JUnitReportReporter -->
<testsuite hostname="DESKTOP-799KKK6" failures="0" tests="2" name="tests.FirstTest" time="30.162" errors="0" timestamp="2025-07-15T03:23:38 IST" skipped="0">
  <testcase classname="tests.FirstTest" name="testCase1" time="15.079"/>
  <testcase classname="tests.FirstTest" name="testCase2" time="15.083"/>
</testsuite> <!-- tests.FirstTest -->
