<?xml version="1.0" encoding="UTF-8"?>
<!-- Generated by org.testng.reporters.JUnitReportReporter -->
<testsuite hostname="DESKTOP-799KKK6" failures="0" tests="2" name="tests.Test3" time="20.773" errors="0" timestamp="2025-07-15T02:15:19 IST" skipped="0">
  <testcase classname="tests.Test3" name="testCase2" time="9.831"/>
  <testcase classname="tests.Test3" name="testCase1" time="10.942"/>
</testsuite> <!-- tests.Test3 -->
