<?xml version="1.0" encoding="UTF-8"?>
<!-- Generated by org.testng.reporters.JUnitReportReporter -->
<testsuite hostname="DESKTOP-799KKK6" failures="0" tests="2" name="tests.Test4" time="22.242" errors="0" timestamp="2025-07-15T02:15:19 IST" skipped="0">
  <testcase classname="tests.Test4" name="testCase1" time="11.084"/>
  <testcase classname="tests.Test4" name="testCase2" time="11.158"/>
</testsuite> <!-- tests.Test4 -->
