<?xml version="1.0" encoding="UTF-8"?>
<!-- Generated by org.testng.reporters.JUnitReportReporter -->
<testsuite hostname="DESKTOP-799KKK6" failures="0" tests="2" name="tests.LoginTest" time="15.536" errors="0" timestamp="2025-07-15T03:21:18 IST" skipped="0">
  <testcase classname="tests.LoginTest" name="inValidUserTest" time="0.790"/>
  <testcase classname="tests.LoginTest" name="validUserTest" time="14.746"/>
</testsuite> <!-- tests.LoginTest -->
