<?xml version="1.0" encoding="UTF-8"?>
<!-- Generated by org.testng.reporters.JUnitReportReporter -->
<testsuite hostname="DESKTOP-799KKK6" failures="0" tests="2" name="tests.Test2" time="24.486" errors="0" timestamp="2025-07-15T02:15:19 IST" skipped="0">
  <testcase classname="tests.Test2" name="testCase2" time="13.544"/>
  <testcase classname="tests.Test2" name="testCase1" time="10.942"/>
</testsuite> <!-- tests.Test2 -->
