<?xml version="1.0" encoding="UTF-8"?>
<!-- Generated by org.testng.reporters.JUnitReportReporter -->
<testsuite hostname="DESKTOP-799KKK6" failures="0" tests="2" name="tests.FirstTest" time="25.914" errors="0" timestamp="2025-07-15T03:12:22 IST" skipped="0">
  <testcase classname="tests.FirstTest" name="testCase1" time="20.894"/>
  <testcase classname="tests.FirstTest" name="testCase2" time="5.020"/>
</testsuite> <!-- tests.FirstTest -->
