<?xml version="1.0" encoding="UTF-8"?>
<!-- Generated by org.testng.reporters.JUnitReportReporter -->
<testsuite hostname="DESKTOP-799KKK6" failures="0" tests="2" name="tests.LoginTest" time="13.443" errors="0" timestamp="2025-07-15T03:23:38 IST" skipped="0">
  <testcase classname="tests.LoginTest" name="inValidUserTest" time="0.620"/>
  <testcase classname="tests.LoginTest" name="validUserTest" time="12.823"/>
</testsuite> <!-- tests.LoginTest -->
