<?xml version="1.0" encoding="UTF-8"?>
<!-- Generated by org.testng.reporters.JUnitReportReporter -->
<testsuite hostname="DESKTOP-799KKK6" failures="0" tests="2" name="tests.FirstTest" time="24.778" errors="0" timestamp="2025-07-15T02:15:19 IST" skipped="0">
  <testcase classname="tests.FirstTest" name="testCase1" time="13.882"/>
  <testcase classname="tests.FirstTest" name="testCase2" time="10.896"/>
</testsuite> <!-- tests.FirstTest -->
